2015-09-25 11:29:50,690 [main] INFO  com.opensymphony.xwork2.config.providers.XmlConfigurationProvider(42) - Parsing configuration file [struts-default.xml]
2015-09-25 11:29:50,768 [main] INFO  com.opensymphony.xwork2.config.providers.XmlConfigurationProvider(42) - Parsing configuration file [struts-plugin.xml]
2015-09-25 11:29:50,783 [main] INFO  com.opensymphony.xwork2.config.providers.XmlConfigurationProvider(42) - Parsing configuration file [struts.xml]
2015-09-25 11:29:50,799 [main] INFO  org.apache.struts2.config.AbstractBeanSelectionProvider(42) - Choosing bean (spring) for (com.opensymphony.xwork2.ObjectFactory)
2015-09-25 11:29:50,799 [main] INFO  org.apache.struts2.config.AbstractBeanSelectionProvider(42) - Choosing bean (struts) for (com.opensymphony.xwork2.factory.ActionFactory)
2015-09-25 11:29:50,799 [main] INFO  org.apache.struts2.config.AbstractBeanSelectionProvider(42) - Choosing bean (struts) for (com.opensymphony.xwork2.factory.ResultFactory)
2015-09-25 11:29:50,799 [main] INFO  org.apache.struts2.config.AbstractBeanSelectionProvider(42) - Choosing bean (struts) for (com.opensymphony.xwork2.factory.ConverterFactory)
2015-09-25 11:29:50,799 [main] INFO  org.apache.struts2.config.AbstractBeanSelectionProvider(42) - Choosing bean (struts) for (com.opensymphony.xwork2.factory.InterceptorFactory)
2015-09-25 11:29:50,799 [main] INFO  org.apache.struts2.config.AbstractBeanSelectionProvider(42) - Choosing bean (struts) for (com.opensymphony.xwork2.factory.ValidatorFactory)
2015-09-25 11:29:50,799 [main] INFO  org.apache.struts2.config.AbstractBeanSelectionProvider(42) - Choosing bean (struts) for (com.opensymphony.xwork2.FileManagerFactory)
2015-09-25 11:29:50,799 [main] INFO  org.apache.struts2.config.AbstractBeanSelectionProvider(42) - Choosing bean (struts) for (com.opensymphony.xwork2.conversion.impl.XWorkConverter)
2015-09-25 11:29:50,799 [main] INFO  org.apache.struts2.config.AbstractBeanSelectionProvider(42) - Choosing bean (struts) for (com.opensymphony.xwork2.conversion.impl.CollectionConverter)
2015-09-25 11:29:50,814 [main] INFO  org.apache.struts2.config.AbstractBeanSelectionProvider(42) - Choosing bean (struts) for (com.opensymphony.xwork2.conversion.impl.ArrayConverter)
2015-09-25 11:29:50,814 [main] INFO  org.apache.struts2.config.AbstractBeanSelectionProvider(42) - Choosing bean (struts) for (com.opensymphony.xwork2.conversion.impl.DateConverter)
2015-09-25 11:29:50,814 [main] INFO  org.apache.struts2.config.AbstractBeanSelectionProvider(42) - Choosing bean (struts) for (com.opensymphony.xwork2.conversion.impl.NumberConverter)
2015-09-25 11:29:50,814 [main] INFO  org.apache.struts2.config.AbstractBeanSelectionProvider(42) - Choosing bean (struts) for (com.opensymphony.xwork2.conversion.impl.StringConverter)
2015-09-25 11:29:50,814 [main] INFO  org.apache.struts2.config.AbstractBeanSelectionProvider(42) - Choosing bean (struts) for (com.opensymphony.xwork2.conversion.ConversionPropertiesProcessor)
2015-09-25 11:29:50,814 [main] INFO  org.apache.struts2.config.AbstractBeanSelectionProvider(42) - Choosing bean (struts) for (com.opensymphony.xwork2.conversion.ConversionFileProcessor)
2015-09-25 11:29:50,814 [main] INFO  org.apache.struts2.config.AbstractBeanSelectionProvider(42) - Choosing bean (struts) for (com.opensymphony.xwork2.conversion.ConversionAnnotationProcessor)
2015-09-25 11:29:50,814 [main] INFO  org.apache.struts2.config.AbstractBeanSelectionProvider(42) - Choosing bean (struts) for (com.opensymphony.xwork2.conversion.TypeConverterCreator)
2015-09-25 11:29:50,814 [main] INFO  org.apache.struts2.config.AbstractBeanSelectionProvider(42) - Choosing bean (struts) for (com.opensymphony.xwork2.conversion.TypeConverterHolder)
2015-09-25 11:29:50,814 [main] INFO  org.apache.struts2.config.AbstractBeanSelectionProvider(42) - Choosing bean (struts) for (com.opensymphony.xwork2.TextProvider)
2015-09-25 11:29:50,814 [main] INFO  org.apache.struts2.config.AbstractBeanSelectionProvider(42) - Choosing bean (struts) for (com.opensymphony.xwork2.LocaleProvider)
2015-09-25 11:29:50,830 [main] INFO  org.apache.struts2.config.AbstractBeanSelectionProvider(42) - Choosing bean (struts) for (com.opensymphony.xwork2.ActionProxyFactory)
2015-09-25 11:29:50,830 [main] INFO  org.apache.struts2.config.AbstractBeanSelectionProvider(42) - Choosing bean (struts) for (com.opensymphony.xwork2.conversion.ObjectTypeDeterminer)
2015-09-25 11:29:50,830 [main] INFO  org.apache.struts2.config.AbstractBeanSelectionProvider(42) - Choosing bean (struts) for (org.apache.struts2.dispatcher.mapper.ActionMapper)
2015-09-25 11:29:50,830 [main] INFO  org.apache.struts2.config.AbstractBeanSelectionProvider(42) - Choosing bean (jakarta) for (org.apache.struts2.dispatcher.multipart.MultiPartRequest)
2015-09-25 11:29:50,830 [main] INFO  org.apache.struts2.config.AbstractBeanSelectionProvider(42) - Choosing bean (struts) for (org.apache.struts2.views.freemarker.FreemarkerManager)
2015-09-25 11:29:50,830 [main] INFO  org.apache.struts2.config.AbstractBeanSelectionProvider(42) - Choosing bean (struts) for (org.apache.struts2.components.UrlRenderer)
2015-09-25 11:29:50,830 [main] INFO  org.apache.struts2.config.AbstractBeanSelectionProvider(42) - Choosing bean (struts) for (com.opensymphony.xwork2.validator.ActionValidatorManager)
2015-09-25 11:29:50,830 [main] INFO  org.apache.struts2.config.AbstractBeanSelectionProvider(42) - Choosing bean (struts) for (com.opensymphony.xwork2.util.ValueStackFactory)
2015-09-25 11:29:50,830 [main] INFO  org.apache.struts2.config.AbstractBeanSelectionProvider(42) - Choosing bean (struts) for (com.opensymphony.xwork2.util.reflection.ReflectionProvider)
2015-09-25 11:29:50,845 [main] INFO  org.apache.struts2.config.AbstractBeanSelectionProvider(42) - Choosing bean (struts) for (com.opensymphony.xwork2.util.reflection.ReflectionContextFactory)
2015-09-25 11:29:50,845 [main] INFO  org.apache.struts2.config.AbstractBeanSelectionProvider(42) - Choosing bean (struts) for (com.opensymphony.xwork2.util.PatternMatcher)
2015-09-25 11:29:50,845 [main] INFO  org.apache.struts2.config.AbstractBeanSelectionProvider(42) - Choosing bean (struts) for (org.apache.struts2.dispatcher.StaticContentLoader)
2015-09-25 11:29:50,845 [main] INFO  org.apache.struts2.config.AbstractBeanSelectionProvider(42) - Choosing bean (struts) for (com.opensymphony.xwork2.UnknownHandlerManager)
2015-09-25 11:29:50,845 [main] INFO  org.apache.struts2.config.AbstractBeanSelectionProvider(42) - Choosing bean (struts) for (org.apache.struts2.views.util.UrlHelper)
2015-09-25 11:29:50,845 [main] INFO  org.apache.struts2.config.AbstractBeanSelectionProvider(42) - Choosing bean (struts) for (com.opensymphony.xwork2.util.TextParser)
2015-09-25 11:29:50,861 [main] INFO  org.apache.struts2.spring.StrutsSpringObjectFactory(42) - Initializing Struts-Spring integration...
2015-09-25 11:29:50,861 [main] INFO  com.opensymphony.xwork2.spring.SpringObjectFactory(42) - Setting autowire strategy to name
2015-09-25 11:29:50,861 [main] INFO  org.apache.struts2.spring.StrutsSpringObjectFactory(42) - ... initialized Struts-Spring integration successfully
2015-09-25 11:32:45,068 [main] INFO  com.opensymphony.xwork2.config.providers.XmlConfigurationProvider(42) - Parsing configuration file [struts-default.xml]
2015-09-25 11:32:45,130 [main] INFO  com.opensymphony.xwork2.config.providers.XmlConfigurationProvider(42) - Parsing configuration file [struts-plugin.xml]
2015-09-25 11:32:45,161 [main] INFO  com.opensymphony.xwork2.config.providers.XmlConfigurationProvider(42) - Parsing configuration file [struts.xml]
2015-09-25 11:32:45,161 [main] INFO  org.apache.struts2.config.AbstractBeanSelectionProvider(42) - Choosing bean (spring) for (com.opensymphony.xwork2.ObjectFactory)
2015-09-25 11:32:45,161 [main] INFO  org.apache.struts2.config.AbstractBeanSelectionProvider(42) - Choosing bean (struts) for (com.opensymphony.xwork2.factory.ActionFactory)
2015-09-25 11:32:45,161 [main] INFO  org.apache.struts2.config.AbstractBeanSelectionProvider(42) - Choosing bean (struts) for (com.opensymphony.xwork2.factory.ResultFactory)
2015-09-25 11:32:45,161 [main] INFO  org.apache.struts2.config.AbstractBeanSelectionProvider(42) - Choosing bean (struts) for (com.opensymphony.xwork2.factory.ConverterFactory)
2015-09-25 11:32:45,161 [main] INFO  org.apache.struts2.config.AbstractBeanSelectionProvider(42) - Choosing bean (struts) for (com.opensymphony.xwork2.factory.InterceptorFactory)
2015-09-25 11:32:45,161 [main] INFO  org.apache.struts2.config.AbstractBeanSelectionProvider(42) - Choosing bean (struts) for (com.opensymphony.xwork2.factory.ValidatorFactory)
2015-09-25 11:32:45,177 [main] INFO  org.apache.struts2.config.AbstractBeanSelectionProvider(42) - Choosing bean (struts) for (com.opensymphony.xwork2.FileManagerFactory)
2015-09-25 11:32:45,177 [main] INFO  org.apache.struts2.config.AbstractBeanSelectionProvider(42) - Choosing bean (struts) for (com.opensymphony.xwork2.conversion.impl.XWorkConverter)
2015-09-25 11:32:45,177 [main] INFO  org.apache.struts2.config.AbstractBeanSelectionProvider(42) - Choosing bean (struts) for (com.opensymphony.xwork2.conversion.impl.CollectionConverter)
2015-09-25 11:32:45,177 [main] INFO  org.apache.struts2.config.AbstractBeanSelectionProvider(42) - Choosing bean (struts) for (com.opensymphony.xwork2.conversion.impl.ArrayConverter)
2015-09-25 11:32:45,177 [main] INFO  org.apache.struts2.config.AbstractBeanSelectionProvider(42) - Choosing bean (struts) for (com.opensymphony.xwork2.conversion.impl.DateConverter)
2015-09-25 11:32:45,177 [main] INFO  org.apache.struts2.config.AbstractBeanSelectionProvider(42) - Choosing bean (struts) for (com.opensymphony.xwork2.conversion.impl.NumberConverter)
2015-09-25 11:32:45,177 [main] INFO  org.apache.struts2.config.AbstractBeanSelectionProvider(42) - Choosing bean (struts) for (com.opensymphony.xwork2.conversion.impl.StringConverter)
2015-09-25 11:32:45,177 [main] INFO  org.apache.struts2.config.AbstractBeanSelectionProvider(42) - Choosing bean (struts) for (com.opensymphony.xwork2.conversion.ConversionPropertiesProcessor)
2015-09-25 11:32:45,177 [main] INFO  org.apache.struts2.config.AbstractBeanSelectionProvider(42) - Choosing bean (struts) for (com.opensymphony.xwork2.conversion.ConversionFileProcessor)
2015-09-25 11:32:45,177 [main] INFO  org.apache.struts2.config.AbstractBeanSelectionProvider(42) - Choosing bean (struts) for (com.opensymphony.xwork2.conversion.ConversionAnnotationProcessor)
2015-09-25 11:32:45,193 [main] INFO  org.apache.struts2.config.AbstractBeanSelectionProvider(42) - Choosing bean (struts) for (com.opensymphony.xwork2.conversion.TypeConverterCreator)
2015-09-25 11:32:45,193 [main] INFO  org.apache.struts2.config.AbstractBeanSelectionProvider(42) - Choosing bean (struts) for (com.opensymphony.xwork2.conversion.TypeConverterHolder)
2015-09-25 11:32:45,193 [main] INFO  org.apache.struts2.config.AbstractBeanSelectionProvider(42) - Choosing bean (struts) for (com.opensymphony.xwork2.TextProvider)
2015-09-25 11:32:45,193 [main] INFO  org.apache.struts2.config.AbstractBeanSelectionProvider(42) - Choosing bean (struts) for (com.opensymphony.xwork2.LocaleProvider)
2015-09-25 11:32:45,193 [main] INFO  org.apache.struts2.config.AbstractBeanSelectionProvider(42) - Choosing bean (struts) for (com.opensymphony.xwork2.ActionProxyFactory)
2015-09-25 11:32:45,193 [main] INFO  org.apache.struts2.config.AbstractBeanSelectionProvider(42) - Choosing bean (struts) for (com.opensymphony.xwork2.conversion.ObjectTypeDeterminer)
2015-09-25 11:32:45,193 [main] INFO  org.apache.struts2.config.AbstractBeanSelectionProvider(42) - Choosing bean (struts) for (org.apache.struts2.dispatcher.mapper.ActionMapper)
2015-09-25 11:32:45,193 [main] INFO  org.apache.struts2.config.AbstractBeanSelectionProvider(42) - Choosing bean (jakarta) for (org.apache.struts2.dispatcher.multipart.MultiPartRequest)
2015-09-25 11:32:45,193 [main] INFO  org.apache.struts2.config.AbstractBeanSelectionProvider(42) - Choosing bean (struts) for (org.apache.struts2.views.freemarker.FreemarkerManager)
2015-09-25 11:32:45,208 [main] INFO  org.apache.struts2.config.AbstractBeanSelectionProvider(42) - Choosing bean (struts) for (org.apache.struts2.components.UrlRenderer)
2015-09-25 11:32:45,208 [main] INFO  org.apache.struts2.config.AbstractBeanSelectionProvider(42) - Choosing bean (struts) for (com.opensymphony.xwork2.validator.ActionValidatorManager)
2015-09-25 11:32:45,208 [main] INFO  org.apache.struts2.config.AbstractBeanSelectionProvider(42) - Choosing bean (struts) for (com.opensymphony.xwork2.util.ValueStackFactory)
2015-09-25 11:32:45,208 [main] INFO  org.apache.struts2.config.AbstractBeanSelectionProvider(42) - Choosing bean (struts) for (com.opensymphony.xwork2.util.reflection.ReflectionProvider)
2015-09-25 11:32:45,208 [main] INFO  org.apache.struts2.config.AbstractBeanSelectionProvider(42) - Choosing bean (struts) for (com.opensymphony.xwork2.util.reflection.ReflectionContextFactory)
2015-09-25 11:32:45,208 [main] INFO  org.apache.struts2.config.AbstractBeanSelectionProvider(42) - Choosing bean (struts) for (com.opensymphony.xwork2.util.PatternMatcher)
2015-09-25 11:32:45,208 [main] INFO  org.apache.struts2.config.AbstractBeanSelectionProvider(42) - Choosing bean (struts) for (org.apache.struts2.dispatcher.StaticContentLoader)
2015-09-25 11:32:45,208 [main] INFO  org.apache.struts2.config.AbstractBeanSelectionProvider(42) - Choosing bean (struts) for (com.opensymphony.xwork2.UnknownHandlerManager)
2015-09-25 11:32:45,208 [main] INFO  org.apache.struts2.config.AbstractBeanSelectionProvider(42) - Choosing bean (struts) for (org.apache.struts2.views.util.UrlHelper)
2015-09-25 11:32:45,208 [main] INFO  org.apache.struts2.config.AbstractBeanSelectionProvider(42) - Choosing bean (struts) for (com.opensymphony.xwork2.util.TextParser)
2015-09-25 11:32:45,224 [main] INFO  org.apache.struts2.spring.StrutsSpringObjectFactory(42) - Initializing Struts-Spring integration...
2015-09-25 11:32:45,224 [main] INFO  com.opensymphony.xwork2.spring.SpringObjectFactory(42) - Setting autowire strategy to name
2015-09-25 11:32:45,239 [main] INFO  org.apache.struts2.spring.StrutsSpringObjectFactory(42) - ... initialized Struts-Spring integration successfully
2015-09-27 12:51:13,087 [main] INFO  com.opensymphony.xwork2.config.providers.XmlConfigurationProvider(42) - Parsing configuration file [struts-default.xml]
2015-09-27 12:51:13,384 [main] INFO  com.opensymphony.xwork2.config.providers.XmlConfigurationProvider(42) - Parsing configuration file [struts-plugin.xml]
2015-09-27 12:51:13,415 [main] INFO  com.opensymphony.xwork2.config.providers.XmlConfigurationProvider(42) - Parsing configuration file [struts.xml]
2015-09-27 12:51:13,415 [main] INFO  org.apache.struts2.config.AbstractBeanSelectionProvider(42) - Choosing bean (spring) for (com.opensymphony.xwork2.ObjectFactory)
2015-09-27 12:51:13,415 [main] INFO  org.apache.struts2.config.AbstractBeanSelectionProvider(42) - Choosing bean (struts) for (com.opensymphony.xwork2.factory.ActionFactory)
2015-09-27 12:51:13,415 [main] INFO  org.apache.struts2.config.AbstractBeanSelectionProvider(42) - Choosing bean (struts) for (com.opensymphony.xwork2.factory.ResultFactory)
2015-09-27 12:51:13,415 [main] INFO  org.apache.struts2.config.AbstractBeanSelectionProvider(42) - Choosing bean (struts) for (com.opensymphony.xwork2.factory.ConverterFactory)
2015-09-27 12:51:13,431 [main] INFO  org.apache.struts2.config.AbstractBeanSelectionProvider(42) - Choosing bean (struts) for (com.opensymphony.xwork2.factory.InterceptorFactory)
2015-09-27 12:51:13,431 [main] INFO  org.apache.struts2.config.AbstractBeanSelectionProvider(42) - Choosing bean (struts) for (com.opensymphony.xwork2.factory.ValidatorFactory)
2015-09-27 12:51:13,431 [main] INFO  org.apache.struts2.config.AbstractBeanSelectionProvider(42) - Choosing bean (struts) for (com.opensymphony.xwork2.FileManagerFactory)
2015-09-27 12:51:13,431 [main] INFO  org.apache.struts2.config.AbstractBeanSelectionProvider(42) - Choosing bean (struts) for (com.opensymphony.xwork2.conversion.impl.XWorkConverter)
2015-09-27 12:51:13,431 [main] INFO  org.apache.struts2.config.AbstractBeanSelectionProvider(42) - Choosing bean (struts) for (com.opensymphony.xwork2.conversion.impl.CollectionConverter)
2015-09-27 12:51:13,431 [main] INFO  org.apache.struts2.config.AbstractBeanSelectionProvider(42) - Choosing bean (struts) for (com.opensymphony.xwork2.conversion.impl.ArrayConverter)
2015-09-27 12:51:13,431 [main] INFO  org.apache.struts2.config.AbstractBeanSelectionProvider(42) - Choosing bean (struts) for (com.opensymphony.xwork2.conversion.impl.DateConverter)
2015-09-27 12:51:13,431 [main] INFO  org.apache.struts2.config.AbstractBeanSelectionProvider(42) - Choosing bean (struts) for (com.opensymphony.xwork2.conversion.impl.NumberConverter)
2015-09-27 12:51:13,431 [main] INFO  org.apache.struts2.config.AbstractBeanSelectionProvider(42) - Choosing bean (struts) for (com.opensymphony.xwork2.conversion.impl.StringConverter)
2015-09-27 12:51:13,431 [main] INFO  org.apache.struts2.config.AbstractBeanSelectionProvider(42) - Choosing bean (struts) for (com.opensymphony.xwork2.conversion.ConversionPropertiesProcessor)
2015-09-27 12:51:13,431 [main] INFO  org.apache.struts2.config.AbstractBeanSelectionProvider(42) - Choosing bean (struts) for (com.opensymphony.xwork2.conversion.ConversionFileProcessor)
2015-09-27 12:51:13,446 [main] INFO  org.apache.struts2.config.AbstractBeanSelectionProvider(42) - Choosing bean (struts) for (com.opensymphony.xwork2.conversion.ConversionAnnotationProcessor)
2015-09-27 12:51:13,446 [main] INFO  org.apache.struts2.config.AbstractBeanSelectionProvider(42) - Choosing bean (struts) for (com.opensymphony.xwork2.conversion.TypeConverterCreator)
2015-09-27 12:51:13,446 [main] INFO  org.apache.struts2.config.AbstractBeanSelectionProvider(42) - Choosing bean (struts) for (com.opensymphony.xwork2.conversion.TypeConverterHolder)
2015-09-27 12:51:13,446 [main] INFO  org.apache.struts2.config.AbstractBeanSelectionProvider(42) - Choosing bean (struts) for (com.opensymphony.xwork2.TextProvider)
2015-09-27 12:51:13,446 [main] INFO  org.apache.struts2.config.AbstractBeanSelectionProvider(42) - Choosing bean (struts) for (com.opensymphony.xwork2.LocaleProvider)
2015-09-27 12:51:13,446 [main] INFO  org.apache.struts2.config.AbstractBeanSelectionProvider(42) - Choosing bean (struts) for (com.opensymphony.xwork2.ActionProxyFactory)
2015-09-27 12:51:13,446 [main] INFO  org.apache.struts2.config.AbstractBeanSelectionProvider(42) - Choosing bean (struts) for (com.opensymphony.xwork2.conversion.ObjectTypeDeterminer)
2015-09-27 12:51:13,446 [main] INFO  org.apache.struts2.config.AbstractBeanSelectionProvider(42) - Choosing bean (struts) for (org.apache.struts2.dispatcher.mapper.ActionMapper)
2015-09-27 12:51:13,446 [main] INFO  org.apache.struts2.config.AbstractBeanSelectionProvider(42) - Choosing bean (jakarta) for (org.apache.struts2.dispatcher.multipart.MultiPartRequest)
2015-09-27 12:51:13,446 [main] INFO  org.apache.struts2.config.AbstractBeanSelectionProvider(42) - Choosing bean (struts) for (org.apache.struts2.views.freemarker.FreemarkerManager)
2015-09-27 12:51:13,462 [main] INFO  org.apache.struts2.config.AbstractBeanSelectionProvider(42) - Choosing bean (struts) for (org.apache.struts2.components.UrlRenderer)
2015-09-27 12:51:13,462 [main] INFO  org.apache.struts2.config.AbstractBeanSelectionProvider(42) - Choosing bean (struts) for (com.opensymphony.xwork2.validator.ActionValidatorManager)
2015-09-27 12:51:13,462 [main] INFO  org.apache.struts2.config.AbstractBeanSelectionProvider(42) - Choosing bean (struts) for (com.opensymphony.xwork2.util.ValueStackFactory)
2015-09-27 12:51:13,462 [main] INFO  org.apache.struts2.config.AbstractBeanSelectionProvider(42) - Choosing bean (struts) for (com.opensymphony.xwork2.util.reflection.ReflectionProvider)
2015-09-27 12:51:13,462 [main] INFO  org.apache.struts2.config.AbstractBeanSelectionProvider(42) - Choosing bean (struts) for (com.opensymphony.xwork2.util.reflection.ReflectionContextFactory)
2015-09-27 12:51:13,462 [main] INFO  org.apache.struts2.config.AbstractBeanSelectionProvider(42) - Choosing bean (struts) for (com.opensymphony.xwork2.util.PatternMatcher)
2015-09-27 12:51:13,462 [main] INFO  org.apache.struts2.config.AbstractBeanSelectionProvider(42) - Choosing bean (struts) for (org.apache.struts2.dispatcher.StaticContentLoader)
2015-09-27 12:51:13,462 [main] INFO  org.apache.struts2.config.AbstractBeanSelectionProvider(42) - Choosing bean (struts) for (com.opensymphony.xwork2.UnknownHandlerManager)
2015-09-27 12:51:13,462 [main] INFO  org.apache.struts2.config.AbstractBeanSelectionProvider(42) - Choosing bean (struts) for (org.apache.struts2.views.util.UrlHelper)
2015-09-27 12:51:13,462 [main] INFO  org.apache.struts2.config.AbstractBeanSelectionProvider(42) - Choosing bean (struts) for (com.opensymphony.xwork2.util.TextParser)
2015-09-27 12:51:13,493 [main] INFO  org.apache.struts2.spring.StrutsSpringObjectFactory(42) - Initializing Struts-Spring integration...
2015-09-27 12:51:13,493 [main] INFO  com.opensymphony.xwork2.spring.SpringObjectFactory(42) - Setting autowire strategy to name
2015-09-27 12:51:13,493 [main] INFO  org.apache.struts2.spring.StrutsSpringObjectFactory(42) - ... initialized Struts-Spring integration successfully
2015-09-27 14:15:11,061 [main] INFO  com.opensymphony.xwork2.config.providers.XmlConfigurationProvider(42) - Parsing configuration file [struts-default.xml]
2015-09-27 14:15:11,144 [main] INFO  com.opensymphony.xwork2.config.providers.XmlConfigurationProvider(42) - Parsing configuration file [struts-plugin.xml]
2015-09-27 14:15:11,166 [main] INFO  com.opensymphony.xwork2.config.providers.XmlConfigurationProvider(42) - Parsing configuration file [struts.xml]
2015-09-27 14:15:11,170 [main] INFO  org.apache.struts2.config.AbstractBeanSelectionProvider(42) - Choosing bean (spring) for (com.opensymphony.xwork2.ObjectFactory)
2015-09-27 14:15:11,172 [main] INFO  org.apache.struts2.config.AbstractBeanSelectionProvider(42) - Choosing bean (struts) for (com.opensymphony.xwork2.factory.ActionFactory)
2015-09-27 14:15:11,173 [main] INFO  org.apache.struts2.config.AbstractBeanSelectionProvider(42) - Choosing bean (struts) for (com.opensymphony.xwork2.factory.ResultFactory)
2015-09-27 14:15:11,175 [main] INFO  org.apache.struts2.config.AbstractBeanSelectionProvider(42) - Choosing bean (struts) for (com.opensymphony.xwork2.factory.ConverterFactory)
2015-09-27 14:15:11,176 [main] INFO  org.apache.struts2.config.AbstractBeanSelectionProvider(42) - Choosing bean (struts) for (com.opensymphony.xwork2.factory.InterceptorFactory)
2015-09-27 14:15:11,178 [main] INFO  org.apache.struts2.config.AbstractBeanSelectionProvider(42) - Choosing bean (struts) for (com.opensymphony.xwork2.factory.ValidatorFactory)
2015-09-27 14:15:11,179 [main] INFO  org.apache.struts2.config.AbstractBeanSelectionProvider(42) - Choosing bean (struts) for (com.opensymphony.xwork2.FileManagerFactory)
2015-09-27 14:15:11,180 [main] INFO  org.apache.struts2.config.AbstractBeanSelectionProvider(42) - Choosing bean (struts) for (com.opensymphony.xwork2.conversion.impl.XWorkConverter)
2015-09-27 14:15:11,182 [main] INFO  org.apache.struts2.config.AbstractBeanSelectionProvider(42) - Choosing bean (struts) for (com.opensymphony.xwork2.conversion.impl.CollectionConverter)
2015-09-27 14:15:11,183 [main] INFO  org.apache.struts2.config.AbstractBeanSelectionProvider(42) - Choosing bean (struts) for (com.opensymphony.xwork2.conversion.impl.ArrayConverter)
2015-09-27 14:15:11,184 [main] INFO  org.apache.struts2.config.AbstractBeanSelectionProvider(42) - Choosing bean (struts) for (com.opensymphony.xwork2.conversion.impl.DateConverter)
2015-09-27 14:15:11,186 [main] INFO  org.apache.struts2.config.AbstractBeanSelectionProvider(42) - Choosing bean (struts) for (com.opensymphony.xwork2.conversion.impl.NumberConverter)
2015-09-27 14:15:11,188 [main] INFO  org.apache.struts2.config.AbstractBeanSelectionProvider(42) - Choosing bean (struts) for (com.opensymphony.xwork2.conversion.impl.StringConverter)
2015-09-27 14:15:11,189 [main] INFO  org.apache.struts2.config.AbstractBeanSelectionProvider(42) - Choosing bean (struts) for (com.opensymphony.xwork2.conversion.ConversionPropertiesProcessor)
2015-09-27 14:15:11,191 [main] INFO  org.apache.struts2.config.AbstractBeanSelectionProvider(42) - Choosing bean (struts) for (com.opensymphony.xwork2.conversion.ConversionFileProcessor)
2015-09-27 14:15:11,192 [main] INFO  org.apache.struts2.config.AbstractBeanSelectionProvider(42) - Choosing bean (struts) for (com.opensymphony.xwork2.conversion.ConversionAnnotationProcessor)
2015-09-27 14:15:11,193 [main] INFO  org.apache.struts2.config.AbstractBeanSelectionProvider(42) - Choosing bean (struts) for (com.opensymphony.xwork2.conversion.TypeConverterCreator)
2015-09-27 14:15:11,195 [main] INFO  org.apache.struts2.config.AbstractBeanSelectionProvider(42) - Choosing bean (struts) for (com.opensymphony.xwork2.conversion.TypeConverterHolder)
2015-09-27 14:15:11,196 [main] INFO  org.apache.struts2.config.AbstractBeanSelectionProvider(42) - Choosing bean (struts) for (com.opensymphony.xwork2.TextProvider)
2015-09-27 14:15:11,197 [main] INFO  org.apache.struts2.config.AbstractBeanSelectionProvider(42) - Choosing bean (struts) for (com.opensymphony.xwork2.LocaleProvider)
2015-09-27 14:15:11,198 [main] INFO  org.apache.struts2.config.AbstractBeanSelectionProvider(42) - Choosing bean (struts) for (com.opensymphony.xwork2.ActionProxyFactory)
2015-09-27 14:15:11,199 [main] INFO  org.apache.struts2.config.AbstractBeanSelectionProvider(42) - Choosing bean (struts) for (com.opensymphony.xwork2.conversion.ObjectTypeDeterminer)
2015-09-27 14:15:11,201 [main] INFO  org.apache.struts2.config.AbstractBeanSelectionProvider(42) - Choosing bean (struts) for (org.apache.struts2.dispatcher.mapper.ActionMapper)
2015-09-27 14:15:11,202 [main] INFO  org.apache.struts2.config.AbstractBeanSelectionProvider(42) - Choosing bean (jakarta) for (org.apache.struts2.dispatcher.multipart.MultiPartRequest)
2015-09-27 14:15:11,204 [main] INFO  org.apache.struts2.config.AbstractBeanSelectionProvider(42) - Choosing bean (struts) for (org.apache.struts2.views.freemarker.FreemarkerManager)
2015-09-27 14:15:11,206 [main] INFO  org.apache.struts2.config.AbstractBeanSelectionProvider(42) - Choosing bean (struts) for (org.apache.struts2.components.UrlRenderer)
2015-09-27 14:15:11,208 [main] INFO  org.apache.struts2.config.AbstractBeanSelectionProvider(42) - Choosing bean (struts) for (com.opensymphony.xwork2.validator.ActionValidatorManager)
2015-09-27 14:15:11,209 [main] INFO  org.apache.struts2.config.AbstractBeanSelectionProvider(42) - Choosing bean (struts) for (com.opensymphony.xwork2.util.ValueStackFactory)
2015-09-27 14:15:11,210 [main] INFO  org.apache.struts2.config.AbstractBeanSelectionProvider(42) - Choosing bean (struts) for (com.opensymphony.xwork2.util.reflection.ReflectionProvider)
2015-09-27 14:15:11,212 [main] INFO  org.apache.struts2.config.AbstractBeanSelectionProvider(42) - Choosing bean (struts) for (com.opensymphony.xwork2.util.reflection.ReflectionContextFactory)
2015-09-27 14:15:11,213 [main] INFO  org.apache.struts2.config.AbstractBeanSelectionProvider(42) - Choosing bean (struts) for (com.opensymphony.xwork2.util.PatternMatcher)
2015-09-27 14:15:11,214 [main] INFO  org.apache.struts2.config.AbstractBeanSelectionProvider(42) - Choosing bean (struts) for (org.apache.struts2.dispatcher.StaticContentLoader)
2015-09-27 14:15:11,215 [main] INFO  org.apache.struts2.config.AbstractBeanSelectionProvider(42) - Choosing bean (struts) for (com.opensymphony.xwork2.UnknownHandlerManager)
2015-09-27 14:15:11,216 [main] INFO  org.apache.struts2.config.AbstractBeanSelectionProvider(42) - Choosing bean (struts) for (org.apache.struts2.views.util.UrlHelper)
2015-09-27 14:15:11,217 [main] INFO  org.apache.struts2.config.AbstractBeanSelectionProvider(42) - Choosing bean (struts) for (com.opensymphony.xwork2.util.TextParser)
2015-09-27 14:15:11,233 [main] INFO  org.apache.struts2.spring.StrutsSpringObjectFactory(42) - Initializing Struts-Spring integration...
2015-09-27 14:15:11,234 [main] INFO  com.opensymphony.xwork2.spring.SpringObjectFactory(42) - Setting autowire strategy to name
2015-09-27 14:15:11,235 [main] INFO  org.apache.struts2.spring.StrutsSpringObjectFactory(42) - ... initialized Struts-Spring integration successfully
